tag : tewt
message : test
datetime : 
2016/6/20 9:29:20=====================================================
tag : QueryOrderSums
message : 数据条数：2
datetime : 
2016/6/20 9:30:47=====================================================
tag : QueryOrderSums
message : 数据条数：2
datetime : 
2016/6/20 9:31:06=====================================================
tag : tewt
message : test
datetime : 
2016/6/20 9:32:40=====================================================
tag : QueryOrderSums
message : 数据条数：2
datetime : 
2016/6/20 9:32:44=====================================================
tag : QueryOrderSums
message : 数据条数：2
datetime : 
2016/6/20 9:33:01=====================================================
tag : QueryOrderSums
message : 数据条数：2
datetime : 
2016/6/20 9:33:27=====================================================
tag : tewt
message : test
datetime : 
2016/6/20 10:45:06=====================================================
