tag : http://localhost:9806/api/Order/Select
message : 值不能为 null。
参数名: serializerSettings   在 System.Web.Http.Results.JsonResult`1..ctor(T content, JsonSerializerSettings serializerSettings, Encoding encoding, IDependencyProvider dependencies)
   在 System.Web.Http.Results.JsonResult`1..ctor(T content, JsonSerializerSettings serializerSettings, Encoding encoding, HttpRequestMessage request)
   在 Oss.Utility.ApiAuthorityFilter.<AuthenticateAsync>d__4.MoveNext() 位置 C:\Oss\Oss\Utility\ApiAuthorityFilter.cs:行号 48
--- 引发异常的上一位置中堆栈跟踪的末尾 ---
   在 System.Runtime.CompilerServices.TaskAwaiter.ThrowForNonSuccess(Task task)
   在 System.Runtime.CompilerServices.TaskAwaiter.HandleNonSuccessAndDebuggerNotification(Task task)
   在 System.Runtime.CompilerServices.TaskAwaiter.GetResult()
   在 System.Web.Http.Controllers.AuthenticationFilterResult.<ExecuteAsync>d__0.MoveNext()
--- 引发异常的上一位置中堆栈跟踪的末尾 ---
   在 System.Runtime.CompilerServices.TaskAwaiter.ThrowForNonSuccess(Task task)
   在 System.Runtime.CompilerServices.TaskAwaiter.HandleNonSuccessAndDebuggerNotification(Task task)
   在 System.Runtime.CompilerServices.TaskAwaiter`1.GetResult()
   在 System.Web.Http.Controllers.ExceptionFilterResult.<ExecuteAsync>d__0.MoveNext()
datetime : 
2016/6/15 18:57:59=====================================================
tag : http://localhost:9806/api/Order/Select
message : 值不能为 null。
参数名: serializerSettings   在 System.Web.Http.Results.JsonResult`1..ctor(T content, JsonSerializerSettings serializerSettings, Encoding encoding, IDependencyProvider dependencies)
   在 System.Web.Http.Results.JsonResult`1..ctor(T content, JsonSerializerSettings serializerSettings, Encoding encoding, HttpRequestMessage request)
   在 Oss.Utility.ApiAuthorityFilter.<AuthenticateAsync>d__4.MoveNext() 位置 C:\Oss\Oss\Utility\ApiAuthorityFilter.cs:行号 48
--- 引发异常的上一位置中堆栈跟踪的末尾 ---
   在 System.Runtime.CompilerServices.TaskAwaiter.ThrowForNonSuccess(Task task)
   在 System.Runtime.CompilerServices.TaskAwaiter.HandleNonSuccessAndDebuggerNotification(Task task)
   在 System.Runtime.CompilerServices.TaskAwaiter.GetResult()
   在 System.Web.Http.Controllers.AuthenticationFilterResult.<ExecuteAsync>d__0.MoveNext()
--- 引发异常的上一位置中堆栈跟踪的末尾 ---
   在 System.Runtime.CompilerServices.TaskAwaiter.ThrowForNonSuccess(Task task)
   在 System.Runtime.CompilerServices.TaskAwaiter.HandleNonSuccessAndDebuggerNotification(Task task)
   在 System.Runtime.CompilerServices.TaskAwaiter`1.GetResult()
   在 System.Web.Http.Controllers.ExceptionFilterResult.<ExecuteAsync>d__0.MoveNext()
datetime : 
2016/6/15 18:58:24=====================================================
